allow adbd init:unix_stream_socket connectto;
allow adbd property_socket:sock_file write;
allow appdomain logd:unix_stream_socket connectto;
allow appdomain selinuxfs:file { { getattr open read ioctl lock } { open append write } };
allow bluetooth init:unix_stream_socket connectto;
allow bluetooth property_socket:sock_file write;
allow dhcp dhcp_exec:file { entrypoint open read execute getattr };
allow dhcp init:unix_stream_socket connectto;
allow dhcp property_socket:sock_file write;
allow dumpstate dumpstate_exec:file { entrypoint open read execute getattr };
allow dumpstate logd:unix_stream_socket connectto;
allow fsck fsck_exec:file { entrypoint open read execute getattr };
allow goldfish_setup init:unix_stream_socket connectto;
allow goldfish_setup property_socket:sock_file write;
allow init init_exec:file { getattr open read execute };
allow init logcat_exec:file { getattr open read execute };
allow init logd:process { siginh rlimitinh };
allow init logd:process transition;
allow init rootfs:file { getattr open read execute };
allow init tmpfs:lnk_file { create rename setattr unlink { { getattr open read ioctl lock } { open append write } } };
allow logd init:process sigchld;
allow logd logcat_exec:file { entrypoint open read execute getattr };
allow logd logdr_socket:sock_file write;
allow logd logd:unix_stream_socket connectto;
allow netd init:unix_stream_socket connectto;
allow netdomain netd:unix_stream_socket connectto;
allow netd property_socket:sock_file write;
allow procrank procrank_exec:file { entrypoint open read execute getattr };
allow qemu_props init:unix_stream_socket connectto;
allow qemu_props property_socket:sock_file write;
allow radio init:unix_stream_socket connectto;
allow radio property_socket:sock_file write;
allow rild init:unix_stream_socket connectto;
allow rild property_socket:sock_file write;
allow shell init:unix_stream_socket connectto;
allow shell logd:unix_stream_socket connectto;
allow shell property_socket:sock_file write;
allow shell shell_exec:file { entrypoint open read execute getattr };
allow surfaceflinger appdomain:fd use;
allow surfaceflinger bootanim:fd use;
allow surfaceflinger init:unix_stream_socket connectto;
allow surfaceflinger property_socket:sock_file write;
allow su su_exec:file { entrypoint open read execute getattr };
allow system_app init:unix_stream_socket connectto;
allow system_app property_socket:sock_file write;
allow system_server init:unix_stream_socket connectto;
allow system_server property_socket:sock_file write;
allow system_server security_file:dir { open getattr read search ioctl };
allow system_server security_file:file { getattr open read ioctl lock };
allow system_server self:process execmem;
allow ueventd init:process sigchld;
allow vdc vdc_exec:file { entrypoint open read execute getattr };
allow vold fsck_exec:file { getattr open read execute };
allow vold init:unix_stream_socket connectto;
allow vold property_socket:sock_file write;
allow vold shell_exec:file { getattr open read execute };
allow zygote selinuxfs:file { { getattr open read ioctl lock } { open append write } };
