actlmand
adbd
adsprpcd
androidshmservice
apaservice
appdomain
argosd
at_distributor
atfwd
ATFWD-daemon
audiod
auditd
bauthserver
bbccontainer_app_data_backend
binderservicedomain
bintvoutservice
bluetooth
bluetoothdomain
bootanim
bootchecker
brcm_patchram_plus
bridged_platform_app
bugreport
carrier_app
cbd
cellgeofenced
charger_monitor
charon
clatd
cnd
commonplatformappdomain
connfwexe
container_app
container_app_data_backend
container_app_data_file
container_app_sdcard_file
containerdomain
container_service
corehelper
createsystemfile
cs
daemon_app_process
ddexe
debuggerd
debug_interface_proxy
device_domain
dev_type
dex2oat
dhcp
diagexe
diag_uart_log
dmdocomo_app
DMM-daemon
dnsmasq
domain
dpmd
drmserver
drsd
dtsconfigurator
dtseagleservice
dttexe
dumpstate
dumpsys
edmaudit
efsks
empty_service
energyawareness
energy-awareness
epmd
exyrngd
felica
felicalock
fidodaemon
file_type
filtered_google_app
filtered_untrusted_app
fixmo_app
fixmo_app_data_file
flash_recovery
fs_type
ftm_ptt
fuse
gad_untrusted_app
geomagneticd
good_app
good_app_data_file
gpsd
gpsone_daemon
gpu_snapshotd
gsiff_daemon
hbtp
hci_attach
healthd
hostapd
hvdcp
icd
ime_app
immvibed
ims
imscm
imsd
imsqmidaemon
init
init_shell
inputflinger
installd
install_recovery
insthk
ipacm
ipacm-diag
ipruleset
IPSecService
irm_app
irm_platform_app
irsc_util
isolated_app
itsonbs
itsonclient_app
jackservice
kapd
kernel
keystore
kiesexe
knox_system_app
knox_untrusted_app
ks
launcher
lhd
llk_untrusted_app
lmkd
location
location_app
location-mq
logd
logwrapper
lowi-server
lpm
lptcpgc
macloader
mcStarter
mdm_helper
mdm_helper_proxy
mdnsd
media_rw_data_file
mediaserver
mfc
mfgloader
mfm
mfs
mfw
mlexe
mmb_apk
mmi
mm-pp-daemon
mm-qcamerad
mm-qcamera-daemon
mobexdaemon
mobicoredaemon
modem_firmware
mpdecision
msm_irqbalanced
mtp
netd
netdomain
netmgrd
newAttr1
newAttr10
newAttr11
newAttr13
newAttr14
newAttr15
newAttr2
newAttr32
newAttr33
newAttr40
newAttr42
newAttr49
newAttr50
newAttr6
newAttr7
newAttr8
newAttr86
newAttr9
newAttr91
newAttr93
newAttr94
newAttr96
newAttr97
newAttr98
nfc
nqs
olsrd
oneseg_apk
oneseg_mw
otp_server
p2p_supplicant
perfd
per_mgr
personal_page_file
platform_app
platformappdomain
playready
policyloader_app
port-bridge
ppp
pppoewrapper
prepare_param
pts_device
ptt_socket_app
qcks
qcomsysd
qcom-system-daemon
qlogd
qmiproxy
qmuxd
qosmgr
qrngd
qseecomd
qti
quipc_igsn
quipc_main
racoon
radio
rfs_access
rild
rmt_storage
rootfs
rtcc
rtc_log
runas
samsung_app
samsungpowersoundplay
scs
sdcardd
sdcard_external
sdp_cryptod
sec-ril
secstarter
secure_storage
security_firmware
seempd
selinux_net
sem
sensorhubservice
sensors
servicemanager
shared_relro
shell
smdexe
s_platform_app
ss_conn_daemon
sshd
ss_kbservice_daemon
ssr_diag
ssr_setup
sswap
s_system_app
store_app
su
subsystem_ramdump
surfaceflinger
syscope_app
sysfs
sysfs_type
sysmon
sysprof
system
system_app
system_domain
system_fifo
system_server
tbaseLoader
tee
thermald
thermal-engine
time_daemon
tlc_server
trusted_app_domain
trusteddomain
trustonicpartner_app
tsdaemon
tzdaemon
ueventd
umcagent_app
unconfineddomain
uncrypt
undefined_service
untrusted_app
untrustedappdomain
untrusteddomain
usb_uicc_daemon
usf
vcsFPService
vdc
vfat
vm_bms
vmware_app
vmwared
vold
vpnclientd
vpn_untrusted_app
watchdogd
wcnss_service
wfd_app
wfdservice
wiperiface
wlandutservice
wpa
zygote
