neverallow domain hw_random_device:chr_file ~getattr;
neverallow -init hw_random_device:chr_file ~getattr;
neverallow -system hw_random_device:chr_file ~getattr;
neverallow -ueventd hw_random_device:chr_file ~getattr;
neverallow -unconfineddomain hw_random_device:chr_file ~getattr;
neverallow -qrngd hw_random_device:chr_file ~getattr;
neverallow -mmb_mw hw_random_device:chr_file ~getattr;
neverallow -mmb_apk hw_random_device:chr_file ~getattr;
neverallow -recovery hw_random_device:chr_file ~getattr;
neverallow -exyrngd hw_random_device:chr_file ~getattr;
neverallow domain rfs_data_file:dir {#create#reparent#rmdir#setattr#{#{#open#getattr#read#search#ioctl#}#{#open#search#write#add_name#remove_name#}#}#{#getattr#link#unlink#rename#}#};
neverallow -rfs_access rfs_data_file:dir {#create#reparent#rmdir#setattr#{#{#open#getattr#read#search#ioctl#}#{#open#search#write#add_name#remove_name#}#}#{#getattr#link#unlink#rename#}#};
neverallow -kernel rfs_data_file:dir {#create#reparent#rmdir#setattr#{#{#open#getattr#read#search#ioctl#}#{#open#search#write#add_name#remove_name#}#}#{#getattr#link#unlink#rename#}#};
neverallow -recovery rfs_data_file:dir {#create#reparent#rmdir#setattr#{#{#open#getattr#read#search#ioctl#}#{#open#search#write#add_name#remove_name#}#}#{#getattr#link#unlink#rename#}#};
neverallow -init rfs_data_file:dir {#create#reparent#rmdir#setattr#{#{#open#getattr#read#search#ioctl#}#{#open#search#write#add_name#remove_name#}#}#{#getattr#link#unlink#rename#}#};
neverallow -su rfs_data_file:dir {#create#reparent#rmdir#setattr#{#{#open#getattr#read#search#ioctl#}#{#open#search#write#add_name#remove_name#}#}#{#getattr#link#unlink#rename#}#};
neverallow -init_shell rfs_data_file:dir {#create#reparent#rmdir#setattr#{#{#open#getattr#read#search#ioctl#}#{#open#search#write#add_name#remove_name#}#}#{#getattr#link#unlink#rename#}#};
neverallow -trusteddomain rfs_data_file:dir {#create#reparent#rmdir#setattr#{#{#open#getattr#read#search#ioctl#}#{#open#search#write#add_name#remove_name#}#}#{#getattr#link#unlink#rename#}#};
neverallow -containerdomain rfs_data_file:dir {#create#reparent#rmdir#setattr#{#{#open#getattr#read#search#ioctl#}#{#open#search#write#add_name#remove_name#}#}#{#getattr#link#unlink#rename#}#};
neverallow domain rfs_data_file:file {#create#setattr#{#{#getattr#open#read#ioctl#lock#}#{#open#append#write#}#}#{#getattr#link#unlink#rename#}#};
neverallow -rfs_access rfs_data_file:file {#create#setattr#{#{#getattr#open#read#ioctl#lock#}#{#open#append#write#}#}#{#getattr#link#unlink#rename#}#};
neverallow -kernel rfs_data_file:file {#create#setattr#{#{#getattr#open#read#ioctl#lock#}#{#open#append#write#}#}#{#getattr#link#unlink#rename#}#};
neverallow -recovery rfs_data_file:file {#create#setattr#{#{#getattr#open#read#ioctl#lock#}#{#open#append#write#}#}#{#getattr#link#unlink#rename#}#};
neverallow -init rfs_data_file:file {#create#setattr#{#{#getattr#open#read#ioctl#lock#}#{#open#append#write#}#}#{#getattr#link#unlink#rename#}#};
neverallow -su rfs_data_file:file {#create#setattr#{#{#getattr#open#read#ioctl#lock#}#{#open#append#write#}#}#{#getattr#link#unlink#rename#}#};
neverallow -init_shell rfs_data_file:file {#create#setattr#{#{#getattr#open#read#ioctl#lock#}#{#open#append#write#}#}#{#getattr#link#unlink#rename#}#};
neverallow -trusteddomain rfs_data_file:file {#create#setattr#{#{#getattr#open#read#ioctl#lock#}#{#open#append#write#}#}#{#getattr#link#unlink#rename#}#};
neverallow -containerdomain rfs_data_file:file {#create#setattr#{#{#getattr#open#read#ioctl#lock#}#{#open#append#write#}#}#{#getattr#link#unlink#rename#}#};
neverallow shell graphics_device:chr_file {#read#write#open#};
neverallow shell kernel:process setsched;
neverallow shell labeledfs:filesystem remount;
neverallow shell self:capability {#sys_admin#};
neverallow shell system_file:dir {#write#remove_name#add_name#};
neverallow shell system_file:file {#write#create#setattr#unlink#};
neverallow shell system_file:lnk_file create;
